TN:
SF:src\app.ts
FNF:0
FNH:0
DA:1,1
DA:2,1
DA:3,1
DA:4,1
DA:5,1
DA:6,1
DA:7,1
DA:8,1
DA:10,1
DA:12,1
DA:17,1
DA:18,1
DA:19,1
DA:20,1
DA:21,1
DA:24,1
DA:26,1
DA:27,1
LF:18
LH:18
BRF:0
BRH:0
end_of_record
TN:
SF:src\controllers\user.ctrl.ts
FN:10,(anonymous_8)
FN:10,(anonymous_9)
FN:38,(anonymous_10)
FN:38,(anonymous_11)
FN:64,(anonymous_12)
FN:64,(anonymous_13)
FNF:6
FNH:6
FNDA:2,(anonymous_8)
FNDA:2,(anonymous_9)
FNDA:2,(anonymous_10)
FNDA:2,(anonymous_11)
FNDA:1,(anonymous_12)
FNDA:1,(anonymous_13)
DA:1,1
DA:3,1
DA:4,1
DA:5,1
DA:6,1
DA:7,1
DA:9,1
DA:10,2
DA:11,2
DA:13,2
DA:15,2
DA:16,1
DA:18,1
DA:19,1
DA:21,1
DA:25,1
DA:31,1
DA:38,2
DA:39,2
DA:40,2
DA:41,2
DA:42,1
DA:46,1
DA:48,1
DA:49,0
DA:52,1
DA:55,1
DA:60,1
DA:64,1
DA:65,1
DA:71,1
LF:31
LH:30
BRDA:15,0,0,1
BRDA:41,1,0,1
BRDA:48,2,0,0
BRF:3
BRH:2
end_of_record
TN:
SF:src\helper\Enum.ts
FN:1,(anonymous_0)
FN:11,(anonymous_1)
FN:17,(anonymous_2)
FNF:3
FNH:3
FNDA:1,(anonymous_0)
FNDA:1,(anonymous_1)
FNDA:1,(anonymous_2)
DA:1,1
DA:2,1
DA:3,1
DA:4,1
DA:5,1
DA:6,1
DA:7,1
DA:8,1
DA:11,1
DA:12,1
DA:13,1
DA:14,1
DA:17,1
DA:18,1
DA:19,1
DA:20,1
LF:16
LH:16
BRDA:1,0,0,1
BRDA:1,0,1,1
BRDA:11,1,0,1
BRDA:11,1,1,1
BRDA:17,2,0,1
BRDA:17,2,1,1
BRF:6
BRH:6
end_of_record
TN:
SF:src\middleware\ErrorMiddleware.ts
FN:5,(anonymous_1)
FN:13,(anonymous_2)
FNF:2
FNH:1
FNDA:0,(anonymous_1)
FNDA:2,(anonymous_2)
DA:2,1
DA:3,1
DA:5,1
DA:10,0
DA:13,1
DA:14,2
DA:16,2
DA:17,0
DA:22,2
DA:23,2
DA:28,0
DA:29,0
DA:33,0
DA:34,0
DA:37,1
LF:15
LH:9
BRDA:14,0,0,2
BRDA:14,0,1,0
BRDA:14,1,0,2
BRDA:14,1,1,2
BRDA:16,2,0,0
BRDA:19,3,0,0
BRDA:19,3,1,0
BRDA:19,4,0,0
BRDA:19,4,1,0
BRDA:22,5,0,2
BRDA:25,6,0,0
BRDA:25,6,1,2
BRDA:25,7,0,2
BRDA:25,7,1,2
BRDA:28,8,0,0
BRF:15
BRH:7
end_of_record
TN:
SF:src\models\user.ts
FN:25,(anonymous_8)
FNF:1
FNH:1
FNDA:1,(anonymous_8)
DA:1,1
DA:3,1
DA:5,1
DA:25,1
DA:26,1
DA:27,1
DA:29,1
DA:33,1
LF:8
LH:8
BRDA:26,0,0,1
BRF:1
BRH:1
end_of_record
TN:
SF:src\routes\userRoute.ts
FNF:0
FNH:0
DA:1,1
DA:2,1
DA:4,1
DA:6,1
DA:7,1
DA:8,1
DA:11,1
LF:7
LH:7
BRF:0
BRH:0
end_of_record
TN:
SF:src\utils\AppError.ts
FN:5,(anonymous_0)
FNF:1
FNH:1
FNDA:2,(anonymous_0)
DA:6,2
DA:7,2
DA:11,1
LF:3
LH:3
BRF:0
BRH:0
end_of_record
TN:
SF:src\utils\AsyncWrapper.ts
FN:4,(anonymous_7)
FN:5,(anonymous_8)
FN:5,(anonymous_9)
FNF:3
FNH:3
FNDA:3,(anonymous_7)
FNDA:5,(anonymous_8)
FNDA:5,(anonymous_9)
DA:4,1
DA:5,5
DA:6,5
DA:7,5
DA:9,2
DA:13,1
LF:6
LH:6
BRF:0
BRH:0
end_of_record
