TN:
SF:src\app.ts
FNF:0
FNH:0
DA:1,2
DA:2,2
DA:3,2
DA:4,2
DA:5,2
DA:6,2
DA:7,2
DA:8,2
DA:9,2
DA:11,2
DA:13,2
DA:18,2
DA:19,2
DA:20,2
DA:21,2
DA:22,2
DA:25,2
DA:26,2
DA:28,2
DA:29,2
LF:20
LH:20
BRF:0
BRH:0
end_of_record
TN:
SF:src\controllers\hotel.ctrl.ts
FN:7,(anonymous_8)
FN:7,(anonymous_9)
FNF:2
FNH:0
FNDA:0,(anonymous_8)
FNDA:0,(anonymous_9)
DA:2,2
DA:4,2
DA:5,2
DA:7,2
DA:8,0
DA:9,0
DA:10,0
DA:12,0
DA:13,0
DA:14,0
DA:16,0
DA:17,0
DA:19,0
LF:13
LH:4
BRDA:14,0,0,0
BRDA:14,0,1,0
BRDA:14,1,0,0
BRDA:14,1,1,0
BRF:4
BRH:0
end_of_record
TN:
SF:src\controllers\uploadImages.ts
FN:3,uploadImages
FN:4,(anonymous_9)
FN:4,(anonymous_10)
FNF:3
FNH:0
FNDA:0,uploadImages
FNDA:0,(anonymous_9)
FNDA:0,(anonymous_10)
DA:1,2
DA:4,0
DA:5,0
DA:6,0
DA:7,0
DA:8,0
DA:11,0
DA:12,0
DA:15,2
LF:9
LH:2
BRF:0
BRH:0
end_of_record
TN:
SF:src\controllers\user.ctrl.ts
FN:10,(anonymous_8)
FN:10,(anonymous_9)
FN:38,(anonymous_10)
FN:38,(anonymous_11)
FN:64,(anonymous_12)
FN:64,(anonymous_13)
FN:74,(anonymous_14)
FN:74,(anonymous_15)
FNF:8
FNH:6
FNDA:2,(anonymous_8)
FNDA:2,(anonymous_9)
FNDA:2,(anonymous_10)
FNDA:2,(anonymous_11)
FNDA:1,(anonymous_12)
FNDA:1,(anonymous_13)
FNDA:0,(anonymous_14)
FNDA:0,(anonymous_15)
DA:1,2
DA:3,2
DA:4,2
DA:5,2
DA:6,2
DA:7,2
DA:9,2
DA:10,2
DA:11,2
DA:13,2
DA:15,2
DA:16,1
DA:18,1
DA:19,1
DA:21,1
DA:25,1
DA:31,1
DA:38,2
DA:39,2
DA:40,2
DA:41,2
DA:42,1
DA:46,1
DA:48,1
DA:49,0
DA:52,1
DA:55,1
DA:60,1
DA:64,2
DA:65,1
DA:71,1
DA:74,2
DA:75,0
LF:33
LH:31
BRDA:15,0,0,1
BRDA:41,1,0,1
BRDA:48,2,0,0
BRF:3
BRH:2
end_of_record
TN:
SF:src\helper\Enum.ts
FN:1,(anonymous_0)
FN:11,(anonymous_1)
FN:17,(anonymous_2)
FNF:3
FNH:3
FNDA:2,(anonymous_0)
FNDA:2,(anonymous_1)
FNDA:2,(anonymous_2)
DA:1,2
DA:2,2
DA:3,2
DA:4,2
DA:5,2
DA:6,2
DA:7,2
DA:8,2
DA:11,2
DA:12,2
DA:13,2
DA:14,2
DA:17,2
DA:18,2
DA:19,2
DA:20,2
DA:21,2
LF:17
LH:17
BRDA:1,0,0,2
BRDA:1,0,1,2
BRDA:11,1,0,2
BRDA:11,1,1,2
BRDA:17,2,0,2
BRDA:17,2,1,2
BRF:6
BRH:6
end_of_record
TN:
SF:src\helper\schema.ts
FN:35,(anonymous_0)
FNF:1
FNH:1
FNDA:2,(anonymous_0)
DA:1,2
DA:3,2
DA:15,2
DA:35,2
LF:4
LH:4
BRF:0
BRH:0
end_of_record
TN:
SF:src\middleware\AuthMiddleware.ts
FN:8,(anonymous_1)
FNF:1
FNH:1
FNDA:1,(anonymous_1)
DA:2,2
DA:3,2
DA:4,2
DA:8,2
DA:9,1
DA:10,1
DA:11,1
DA:14,0
DA:15,0
DA:16,0
DA:17,0
DA:19,0
LF:12
LH:7
BRDA:10,0,0,1
BRF:1
BRH:1
end_of_record
TN:
SF:src\middleware\ErrorMiddleware.ts
FN:5,(anonymous_1)
FN:13,(anonymous_2)
FNF:2
FNH:1
FNDA:0,(anonymous_1)
FNDA:3,(anonymous_2)
DA:2,2
DA:3,2
DA:5,2
DA:10,0
DA:13,2
DA:14,3
DA:16,3
DA:17,0
DA:22,3
DA:23,3
DA:28,0
DA:29,0
DA:34,0
DA:37,2
LF:14
LH:9
BRDA:14,0,0,3
BRDA:14,0,1,0
BRDA:14,1,0,3
BRDA:14,1,1,3
BRDA:16,2,0,0
BRDA:19,3,0,0
BRDA:19,3,1,0
BRDA:19,4,0,0
BRDA:19,4,1,0
BRDA:22,5,0,3
BRDA:25,6,0,0
BRDA:25,6,1,3
BRDA:25,7,0,3
BRDA:25,7,1,3
BRDA:28,8,0,0
BRF:15
BRH:7
end_of_record
TN:
SF:src\middleware\ValidationMiddleware.ts
FN:4,(anonymous_7)
FN:5,(anonymous_8)
FN:5,(anonymous_9)
FNF:3
FNH:3
FNDA:4,(anonymous_7)
FNDA:4,(anonymous_8)
FNDA:4,(anonymous_9)
DA:3,2
DA:4,2
DA:5,4
DA:6,4
DA:7,4
DA:10,4
DA:12,0
LF:7
LH:6
BRF:0
BRH:0
end_of_record
TN:
SF:src\models\hotel.ts
FNF:0
FNH:0
DA:1,2
DA:7,2
DA:23,2
DA:24,2
LF:4
LH:4
BRF:0
BRH:0
end_of_record
TN:
SF:src\models\user.ts
FN:25,(anonymous_8)
FNF:1
FNH:1
FNDA:1,(anonymous_8)
DA:1,2
DA:3,2
DA:5,2
DA:25,2
DA:26,1
DA:27,1
DA:29,1
DA:33,2
LF:8
LH:8
BRDA:26,0,0,1
BRF:1
BRH:1
end_of_record
TN:
SF:src\routes\hotelRoute.ts
FNF:0
FNH:0
DA:1,2
DA:2,2
DA:3,2
DA:4,2
DA:6,2
DA:7,2
DA:14,2
DA:16,2
DA:18,2
LF:9
LH:9
BRF:0
BRH:0
end_of_record
TN:
SF:src\routes\userRoute.ts
FNF:0
FNH:0
DA:1,2
DA:2,2
DA:3,2
DA:4,2
DA:5,2
DA:7,2
DA:9,2
DA:10,2
DA:11,2
DA:12,2
DA:15,2
LF:11
LH:11
BRF:0
BRH:0
end_of_record
TN:
SF:src\utils\AppError.ts
FN:5,(anonymous_0)
FNF:1
FNH:1
FNDA:3,(anonymous_0)
DA:6,3
DA:7,3
DA:11,2
LF:3
LH:3
BRF:0
BRH:0
end_of_record
TN:
SF:src\utils\AsyncWrapper.ts
FN:4,(anonymous_7)
FN:5,(anonymous_8)
FN:5,(anonymous_9)
FNF:3
FNH:3
FNDA:10,(anonymous_7)
FNDA:5,(anonymous_8)
FNDA:5,(anonymous_9)
DA:4,2
DA:5,10
DA:6,5
DA:7,5
DA:9,2
DA:13,2
LF:6
LH:6
BRF:0
BRH:0
end_of_record
